<?xml version="1.0" encoding="UTF-8"?>
<testsuite name="com.example.Lab2.CarServiceTest" tests="1" skipped="0" failures="0" errors="0" timestamp="2024-01-07T13:25:24" hostname="DESKTOP-AFDRTO4" time="1.87">
  <properties/>
  <testcase name="CarAddThrowsExceptionWhenCarIsNotPresent()" classname="com.example.Lab2.CarServiceTest" time="1.87"/>
  <system-out><![CDATA[]]></system-out>
  <system-err><![CDATA[]]></system-err>
</testsuite>
