<?xml version="1.0" encoding="UTF-8"?>
<testsuite name="com.example.Lab2.CarControllerTest" tests="2" skipped="0" failures="0" errors="0" timestamp="2023-11-21T12:26:03" hostname="GDA410-05" time="4.022">
  <properties/>
  <testcase name="check400IsReturnedWhenCarIsAlreadyThere()" classname="com.example.Lab2.CarControllerTest" time="3.805"/>
  <testcase name="getByIdReturns200WhenCarIsPresent()" classname="com.example.Lab2.CarControllerTest" time="0.213"/>
  <system-out><![CDATA[13:26:06.909 [Test worker] INFO org.springframework.mock.web.MockServletContext -- Initializing Spring TestDispatcherServlet ''
13:26:06.913 [Test worker] INFO org.springframework.test.web.servlet.TestDispatcherServlet -- Initializing Servlet ''
13:26:06.922 [Test worker] INFO org.springframework.test.web.servlet.TestDispatcherServlet -- Completed initialization in 8 ms
13:26:07.418 [Test worker] INFO org.springframework.mock.web.MockServletContext -- Initializing Spring TestDispatcherServlet ''
13:26:07.419 [Test worker] INFO org.springframework.test.web.servlet.TestDispatcherServlet -- Initializing Servlet ''
13:26:07.419 [Test worker] INFO org.springframework.test.web.servlet.TestDispatcherServlet -- Completed initialization in 0 ms
]]></system-out>
  <system-err><![CDATA[]]></system-err>
</testsuite>
